

*******************************************************************************
Thu Mar 16 18:44:52 2017


FIT:    data read from 'log.dat'
        format = z
        #datapoints = 13
        residuals are weighted equally (unit weight)

function used for fitting: func(x)
	func(x)=a*x+b
fitted parameters initialized with current variable values

iter      chisq       delta/lim  lambda   a             b            
   0 1.6159317368e+01   0.00e+00  4.11e-01   -2.500000e-01   5.000000e-01
   4 6.8315954283e-02  -4.68e-08  4.11e-05   -2.595126e-01   1.602498e+00

After 4 iterations the fit converged.
final sum of squares of residuals : 0.068316
rel. change during last iteration : -4.68444e-13

degrees of freedom    (FIT_NDF)                        : 11
rms of residuals      (FIT_STDFIT) = sqrt(WSSR/ndf)    : 0.078807
variance of residuals (reduced chisquare) = WSSR/ndf   : 0.00621054

Final set of parameters            Asymptotic Standard Error
=======================            ==========================
a               = -0.259513        +/- 0.04035      (15.55%)
b               = 1.6025           +/- 0.04787      (2.987%)

correlation matrix of the fit parameters:
                a      b      
a               1.000 
b               0.890  1.000 


*******************************************************************************
Thu Mar 16 22:53:40 2017


FIT:    data read from 'log.dat'
        format = z
        #datapoints = 13
        residuals are weighted equally (unit weight)

function used for fitting: func(x)
	func(x)=a*x+b
fitted parameters initialized with current variable values

iter      chisq       delta/lim  lambda   a             b            
   0 1.6159317368e+01   0.00e+00  4.11e-01   -2.500000e-01   5.000000e-01
   4 6.8315954283e-02  -4.68e-08  4.11e-05   -2.595126e-01   1.602498e+00

After 4 iterations the fit converged.
final sum of squares of residuals : 0.068316
rel. change during last iteration : -4.68444e-13

degrees of freedom    (FIT_NDF)                        : 11
rms of residuals      (FIT_STDFIT) = sqrt(WSSR/ndf)    : 0.078807
variance of residuals (reduced chisquare) = WSSR/ndf   : 0.00621054

Final set of parameters            Asymptotic Standard Error
=======================            ==========================
a               = -0.259513        +/- 0.04035      (15.55%)
b               = 1.6025           +/- 0.04787      (2.987%)

correlation matrix of the fit parameters:
                a      b      
a               1.000 
b               0.890  1.000 
